UpdateCTestConfiguration  from :/home/arigachnyy/workspace/github/nbswork/build/cloud/blockstore/libs/endpoints/ut/DartConfiguration.tcl
UpdateCTestConfiguration  from :/home/arigachnyy/workspace/github/nbswork/build/cloud/blockstore/libs/endpoints/ut/DartConfiguration.tcl
Test project /home/arigachnyy/workspace/github/nbswork/build/cloud/blockstore/libs/endpoints/ut
Constructing a list of tests
Done constructing a list of tests
Updating test list for fixtures
Added 0 tests to meet fixture requirements
Checking test dependency graph...
Checking test dependency graph end
test 1
      Start  1: cloud-blockstore-libs-endpoints-ut_0

1: Test command: /usr/bin/python3.10 "/home/arigachnyy/workspace/github/nbswork/nbs/build/scripts/split_unittest.py" "--split-factor" "15" "--shard" "0" "/home/arigachnyy/workspace/github/nbswork/build/cloud/blockstore/libs/endpoints/ut/cloud-blockstore-libs-endpoints-ut" "--print-before-suite" "--print-before-test" "--fork-tests" "--print-times" "--show-fails"
1: Test timeout computed to be: 60
1: <----- TEndpointManagerTest
1: [exec] TEndpointManagerTest::ShouldChangeMountModesUsingStartEndpoint...
1: 2023-10-10T09:35:05.953097Z :BLOCKSTORE_CLIENT INFO: /home/arigachnyy/workspace/github/nbswork/nbs/cloud/blockstore/libs/client/session.cpp:543: [d:testDiskId] MountVolume submit request: read-only access, remote mount
1: 2023-10-10T09:35:05.953187Z :BLOCKSTORE_CLIENT INFO: /home/arigachnyy/workspace/github/nbswork/nbs/cloud/blockstore/libs/client/session.cpp:543: [d:testDiskId] MountVolume submit request: read-write access, local mount
1: 2023-10-10T09:35:05.953233Z :BLOCKSTORE_CLIENT INFO: /home/arigachnyy/workspace/github/nbswork/nbs/cloud/blockstore/libs/client/session.cpp:451: [d:testDiskId] UnmountVolume submit request
1: [[1;32mgood[22;39m] TEndpointManagerTest::ShouldChangeMountModesUsingStartEndpoint
1: [exec] TEndpointManagerTest::ShouldCompareStartEndpointRequestsWithoutHeaders...
1: [[1;32mgood[22;39m] TEndpointManagerTest::ShouldCompareStartEndpointRequestsWithoutHeaders
1: -----> TEndpointManagerTest -> ok: 2
1: [DONE] ok: 2
 1/15 Test  #1: cloud-blockstore-libs-endpoints-ut_0 ....   Passed    0.09 sec
test 2
      Start  2: cloud-blockstore-libs-endpoints-ut_1

2: Test command: /usr/bin/python3.10 "/home/arigachnyy/workspace/github/nbswork/nbs/build/scripts/split_unittest.py" "--split-factor" "15" "--shard" "1" "/home/arigachnyy/workspace/github/nbswork/build/cloud/blockstore/libs/endpoints/ut/cloud-blockstore-libs-endpoints-ut" "--print-before-suite" "--print-before-test" "--fork-tests" "--print-times" "--show-fails"
2: Test timeout computed to be: 60
2: <----- TEndpointManagerTest
2: [exec] TEndpointManagerTest::ShouldHandleListEndpoints...
2: 2023-10-10T09:35:06.035421Z :BLOCKSTORE_CLIENT INFO: /home/arigachnyy/workspace/github/nbswork/nbs/cloud/blockstore/libs/client/session.cpp:543: [d:testDiskId1] MountVolume submit request: read-write access, local mount
2: 2023-10-10T09:35:06.035515Z :BLOCKSTORE_CLIENT INFO: /home/arigachnyy/workspace/github/nbswork/nbs/cloud/blockstore/libs/client/session.cpp:543: [d:testDiskId2] MountVolume submit request: read-write access, local mount
2: [[1;32mgood[22;39m] TEndpointManagerTest::ShouldHandleListEndpoints
2: [exec] TEndpointManagerTest::ShouldHandleLocalRequests...
2: 2023-10-10T09:35:06.047513Z :BLOCKSTORE_CLIENT INFO: /home/arigachnyy/workspace/github/nbswork/nbs/cloud/blockstore/libs/client/session.cpp:543: [d:testDiskId] MountVolume submit request: read-write access, local mount
2: [[1;32mgood[22;39m] TEndpointManagerTest::ShouldHandleLocalRequests
2: -----> TEndpointManagerTest -> ok: 2
2: [DONE] ok: 2
 2/15 Test  #2: cloud-blockstore-libs-endpoints-ut_1 ....   Passed    0.08 sec
test 3
      Start  3: cloud-blockstore-libs-endpoints-ut_2

3: Test command: /usr/bin/python3.10 "/home/arigachnyy/workspace/github/nbswork/nbs/build/scripts/split_unittest.py" "--split-factor" "15" "--shard" "2" "/home/arigachnyy/workspace/github/nbswork/build/cloud/blockstore/libs/endpoints/ut/cloud-blockstore-libs-endpoints-ut" "--print-before-suite" "--print-before-test" "--fork-tests" "--print-times" "--show-fails"
3: Test timeout computed to be: 60
3: <----- TEndpointManagerTest
3: [exec] TEndpointManagerTest::ShouldHandleStartStopEndpoint...
3: 2023-10-10T09:35:06.117503Z :BLOCKSTORE_CLIENT INFO: /home/arigachnyy/workspace/github/nbswork/nbs/cloud/blockstore/libs/client/session.cpp:543: [d:testDiskId] MountVolume submit request: read-write access, local mount
3: 2023-10-10T09:35:06.117595Z :BLOCKSTORE_CLIENT INFO: /home/arigachnyy/workspace/github/nbswork/nbs/cloud/blockstore/libs/client/session.cpp:451: [d:testDiskId] UnmountVolume submit request
3: [[1;32mgood[22;39m] TEndpointManagerTest::ShouldHandleStartStopEndpoint
3: [exec] TEndpointManagerTest::ShouldIgnoreInstanceIdWhenCompareStartEndpointRequests...
3: [[1;32mgood[22;39m] TEndpointManagerTest::ShouldIgnoreInstanceIdWhenCompareStartEndpointRequests
3: -----> TEndpointManagerTest -> ok: 2
3: [DONE] ok: 2
 3/15 Test  #3: cloud-blockstore-libs-endpoints-ut_2 ....   Passed    0.08 sec
test 4
      Start  4: cloud-blockstore-libs-endpoints-ut_3

4: Test command: /usr/bin/python3.10 "/home/arigachnyy/workspace/github/nbswork/nbs/build/scripts/split_unittest.py" "--split-factor" "15" "--shard" "3" "/home/arigachnyy/workspace/github/nbswork/build/cloud/blockstore/libs/endpoints/ut/cloud-blockstore-libs-endpoints-ut" "--print-before-suite" "--print-before-test" "--fork-tests" "--print-times" "--show-fails"
4: Test timeout computed to be: 60
4: <----- TEndpointManagerTest
4: [exec] TEndpointManagerTest::ShouldMountUnmountVolumeForMetrics...
4: 2023-10-10T09:35:06.197076Z :BLOCKSTORE_CLIENT INFO: /home/arigachnyy/workspace/github/nbswork/nbs/cloud/blockstore/libs/client/session.cpp:543: [d:testDiskId] MountVolume submit request: read-write access, local mount
4: 2023-10-10T09:35:06.197177Z :BLOCKSTORE_CLIENT INFO: /home/arigachnyy/workspace/github/nbswork/nbs/cloud/blockstore/libs/client/session.cpp:451: [d:testDiskId] UnmountVolume submit request
4: [[1;32mgood[22;39m] TEndpointManagerTest::ShouldMountUnmountVolumeForMetrics
4: [exec] TEndpointManagerTest::ShouldIgnoreSomeArgsWhenStartEndpointTwice...
4: 2023-10-10T09:35:06.208384Z :BLOCKSTORE_CLIENT INFO: /home/arigachnyy/workspace/github/nbswork/nbs/cloud/blockstore/libs/client/session.cpp:543: [d:testDiskId] MountVolume submit request: read-write access, local mount
4: 2023-10-10T09:35:06.208479Z :BLOCKSTORE_SERVER WARN: /home/arigachnyy/workspace/github/nbswork/nbs/cloud/blockstore/libs/endpoints/endpoint_manager.cpp:313: Modified ClientProfile will be ignored for endpoint: "testSocketPath"
4: 2023-10-10T09:35:06.208486Z :BLOCKSTORE_SERVER WARN: /home/arigachnyy/workspace/github/nbswork/nbs/cloud/blockstore/libs/endpoints/endpoint_manager.cpp:322: Modified DeviceName will be ignored for endpoint: "testSocketPath"
4: [[1;32mgood[22;39m] TEndpointManagerTest::ShouldIgnoreSomeArgsWhenStartEndpointTwice
4: -----> TEndpointManagerTest -> ok: 2
4: [DONE] ok: 2
 4/15 Test  #4: cloud-blockstore-libs-endpoints-ut_3 ....   Passed    0.08 sec
test 5
      Start  5: cloud-blockstore-libs-endpoints-ut_4

5: Test command: /usr/bin/python3.10 "/home/arigachnyy/workspace/github/nbswork/nbs/build/scripts/split_unittest.py" "--split-factor" "15" "--shard" "4" "/home/arigachnyy/workspace/github/nbswork/build/cloud/blockstore/libs/endpoints/ut/cloud-blockstore-libs-endpoints-ut" "--print-before-suite" "--print-before-test" "--fork-tests" "--print-times" "--show-fails"
5: Test timeout computed to be: 60
5: <----- TEndpointManagerTest
5: [exec] TEndpointManagerTest::ShouldNotStartBusyEndpoint...
5: 2023-10-10T09:35:06.277577Z :BLOCKSTORE_CLIENT INFO: /home/arigachnyy/workspace/github/nbswork/nbs/cloud/blockstore/libs/client/session.cpp:543: [d:testDiskId1] MountVolume submit request: read-write access, local mount
5: [[1;32mgood[22;39m] TEndpointManagerTest::ShouldNotStartBusyEndpoint
5: [exec] TEndpointManagerTest::ShouldNotMountDiskWhenStartEndpointFailed...
5: 2023-10-10T09:35:06.289242Z :BLOCKSTORE_CLIENT INFO: /home/arigachnyy/workspace/github/nbswork/nbs/cloud/blockstore/libs/client/session.cpp:543: [d:testDiskId] MountVolume submit request: read-write access, local mount
5: 2023-10-10T09:35:06.289282Z :BLOCKSTORE_CLIENT INFO: /home/arigachnyy/workspace/github/nbswork/nbs/cloud/blockstore/libs/client/session.cpp:451: [d:testDiskId] UnmountVolume submit request
5: [[1;32mgood[22;39m] TEndpointManagerTest::ShouldNotMountDiskWhenStartEndpointFailed
5: -----> TEndpointManagerTest -> ok: 2
5: [DONE] ok: 2
 5/15 Test  #5: cloud-blockstore-libs-endpoints-ut_4 ....   Passed    0.08 sec
test 6
      Start  6: cloud-blockstore-libs-endpoints-ut_5

6: Test command: /usr/bin/python3.10 "/home/arigachnyy/workspace/github/nbswork/nbs/build/scripts/split_unittest.py" "--split-factor" "15" "--shard" "5" "/home/arigachnyy/workspace/github/nbswork/build/cloud/blockstore/libs/endpoints/ut/cloud-blockstore-libs-endpoints-ut" "--print-before-suite" "--print-before-test" "--fork-tests" "--print-times" "--show-fails"
6: Test timeout computed to be: 60
6: <----- TEndpointManagerTest
6: [exec] TEndpointManagerTest::ShouldNotStartStopEndpointTwice...
6: 2023-10-10T09:35:06.357020Z :BLOCKSTORE_CLIENT INFO: /home/arigachnyy/workspace/github/nbswork/nbs/cloud/blockstore/libs/client/session.cpp:543: [d:testDiskId] MountVolume submit request: read-write access, local mount
6: 2023-10-10T09:35:06.357136Z :BLOCKSTORE_CLIENT INFO: /home/arigachnyy/workspace/github/nbswork/nbs/cloud/blockstore/libs/client/session.cpp:451: [d:testDiskId] UnmountVolume submit request
6: [[1;32mgood[22;39m] TEndpointManagerTest::ShouldNotStartStopEndpointTwice
6: [exec] TEndpointManagerTest::ShouldNotStartEndpointWithSocketPathLongerThanLimit...
6: 2023-10-10T09:35:06.368464Z :BLOCKSTORE_CLIENT INFO: /home/arigachnyy/workspace/github/nbswork/nbs/cloud/blockstore/libs/client/session.cpp:543: [d:testDiskId] MountVolume submit request: read-write access, local mount
6: 2023-10-10T09:35:06.368663Z :BLOCKSTORE_CLIENT INFO: /home/arigachnyy/workspace/github/nbswork/nbs/cloud/blockstore/libs/client/session.cpp:451: [d:testDiskId] UnmountVolume submit request
6: 2023-10-10T09:35:06.368715Z :BLOCKSTORE_CLIENT INFO: /home/arigachnyy/workspace/github/nbswork/nbs/cloud/blockstore/libs/client/session.cpp:543: [d:testDiskId] MountVolume submit request: read-write access, local mount
6: 2023-10-10T09:35:06.368727Z :BLOCKSTORE_CLIENT INFO: /home/arigachnyy/workspace/github/nbswork/nbs/cloud/blockstore/libs/client/session.cpp:451: [d:testDiskId] UnmountVolume submit request
6: [[1;32mgood[22;39m] TEndpointManagerTest::ShouldNotStartEndpointWithSocketPathLongerThanLimit
6: -----> TEndpointManagerTest -> ok: 2
6: [DONE] ok: 2
 6/15 Test  #6: cloud-blockstore-libs-endpoints-ut_5 ....   Passed    0.08 sec
test 7
      Start  7: cloud-blockstore-libs-endpoints-ut_6

7: Test command: /usr/bin/python3.10 "/home/arigachnyy/workspace/github/nbswork/nbs/build/scripts/split_unittest.py" "--split-factor" "15" "--shard" "6" "/home/arigachnyy/workspace/github/nbswork/build/cloud/blockstore/libs/endpoints/ut/cloud-blockstore-libs-endpoints-ut" "--print-before-suite" "--print-before-test" "--fork-tests" "--print-times" "--show-fails"
7: Test timeout computed to be: 60
7: <----- TEndpointManagerTest
7: [exec] TEndpointManagerTest::ShouldStartStopNbdEndpointWithGrpcEndpoint...
7: 2023-10-10T09:35:06.438005Z :BLOCKSTORE_CLIENT INFO: /home/arigachnyy/workspace/github/nbswork/nbs/cloud/blockstore/libs/client/session.cpp:543: [d:testDiskId] MountVolume submit request: read-write access, local mount
7: 2023-10-10T09:35:06.438685Z :BLOCKSTORE_SERVER INFO: /home/arigachnyy/workspace/github/nbswork/nbs/cloud/blockstore/libs/endpoints/endpoint_manager.cpp:272: Start additional endpoint: { Headers { RequestTimeout: 42000 } UnixSocketPath: "testSocket_nbd" DiskId: "testDiskId" IpcType: IPC_NBD ClientId: "testClientId" UnalignedRequestsDisabled: true SendNbdMinBlockSize: true }
7: 2023-10-10T09:35:06.438746Z :BLOCKSTORE_SERVER INFO: /home/arigachnyy/workspace/github/nbswork/nbs/cloud/blockstore/libs/endpoints/endpoint_manager.cpp:428: Stop additional endpoint: "testSocket_nbd"
7: 2023-10-10T09:35:06.438756Z :BLOCKSTORE_CLIENT INFO: /home/arigachnyy/workspace/github/nbswork/nbs/cloud/blockstore/libs/client/session.cpp:451: [d:testDiskId] UnmountVolume submit request
7: [[1;32mgood[22;39m] TEndpointManagerTest::ShouldStartStopNbdEndpointWithGrpcEndpoint
7: -----> TEndpointManagerTest -> ok: 1
7: <----- TServiceEndpointTest
7: [exec] TServiceEndpointTest::ShouldHandleKickEndpoint...
7: 2023-10-10T09:35:06.450900Z :BLOCKSTORE_SERVER INFO: /home/arigachnyy/workspace/github/nbswork/nbs/cloud/blockstore/libs/endpoints/service_endpoint.cpp:423: Kick StartEndpoint request: { Headers { RequestId: 325 } UnixSocketPath: "testSocket" DiskId: "testDiskId" ClientId: "testClientId" }
7: [[1;32mgood[22;39m] TServiceEndpointTest::ShouldHandleKickEndpoint
7: -----> TServiceEndpointTest -> ok: 1
7: [DONE] ok: 2
 7/15 Test  #7: cloud-blockstore-libs-endpoints-ut_6 ....   Passed    0.08 sec
test 8
      Start  8: cloud-blockstore-libs-endpoints-ut_7

8: Test command: /usr/bin/python3.10 "/home/arigachnyy/workspace/github/nbswork/nbs/build/scripts/split_unittest.py" "--split-factor" "15" "--shard" "7" "/home/arigachnyy/workspace/github/nbswork/build/cloud/blockstore/libs/endpoints/ut/cloud-blockstore-libs-endpoints-ut" "--print-before-suite" "--print-before-test" "--fork-tests" "--print-times" "--show-fails"
8: Test timeout computed to be: 60
8: <----- TServiceEndpointTest
8: [exec] TServiceEndpointTest::ShouldHandleRestoreFlagInListEndpointsResponse...
8: 2023-10-10T09:35:06.519117Z :BLOCKSTORE_SERVER INFO: /home/arigachnyy/workspace/github/nbswork/nbs/cloud/blockstore/libs/endpoints/service_endpoint.cpp:490: Found 5 endpoints in storage
8: [[1;32mgood[22;39m] TServiceEndpointTest::ShouldHandleRestoreFlagInListEndpointsResponse
8: [exec] TServiceEndpointTest::ShouldHandleParallelStartStopEndpoints...
8: [[1;32mgood[22;39m] TServiceEndpointTest::ShouldHandleParallelStartStopEndpoints
8: -----> TServiceEndpointTest -> ok: 2
8: [DONE] ok: 2
 8/15 Test  #8: cloud-blockstore-libs-endpoints-ut_7 ....   Passed    0.08 sec
test 9
      Start  9: cloud-blockstore-libs-endpoints-ut_8

9: Test command: /usr/bin/python3.10 "/home/arigachnyy/workspace/github/nbswork/nbs/build/scripts/split_unittest.py" "--split-factor" "15" "--shard" "8" "/home/arigachnyy/workspace/github/nbswork/build/cloud/blockstore/libs/endpoints/ut/cloud-blockstore-libs-endpoints-ut" "--print-before-suite" "--print-before-test" "--fork-tests" "--print-times" "--show-fails"
9: Test timeout computed to be: 60
9: <----- TServiceEndpointTest
9: [exec] TServiceEndpointTest::ShouldNotThrowCriticalEventIfKeyringDescIsEmpty...
9: 2023-10-10T09:35:06.604346Z :BLOCKSTORE_SERVER INFO: /home/arigachnyy/workspace/github/nbswork/nbs/cloud/blockstore/libs/endpoints/service_endpoint.cpp:490: Found 0 endpoints in storage
9: [[1;32mgood[22;39m] TServiceEndpointTest::ShouldNotThrowCriticalEventIfKeyringDescIsEmpty
9: [exec] TServiceEndpointTest::ShouldListKeyrings...
9: [[1;32mgood[22;39m] TServiceEndpointTest::ShouldListKeyrings
9: -----> TServiceEndpointTest -> ok: 2
9: [DONE] ok: 2
 9/15 Test  #9: cloud-blockstore-libs-endpoints-ut_8 ....   Passed    0.09 sec
test 10
      Start 10: cloud-blockstore-libs-endpoints-ut_9

10: Test command: /usr/bin/python3.10 "/home/arigachnyy/workspace/github/nbswork/nbs/build/scripts/split_unittest.py" "--split-factor" "15" "--shard" "9" "/home/arigachnyy/workspace/github/nbswork/build/cloud/blockstore/libs/endpoints/ut/cloud-blockstore-libs-endpoints-ut" "--print-before-suite" "--print-before-test" "--fork-tests" "--print-times" "--show-fails"
10: Test timeout computed to be: 60
10: <----- TServiceEndpointTest
10: [exec] TServiceEndpointTest::ShouldThrowCriticalEventIfFailedToRestoreEndpoint...
10: 2023-10-10T09:35:06.692148Z :BLOCKSTORE_SERVER INFO: /home/arigachnyy/workspace/github/nbswork/nbs/cloud/blockstore/libs/endpoints/service_endpoint.cpp:490: Found 12 endpoints in storage
10: 2023-10-10T09:35:06.692989Z :BLOCKSTORE_CLIENT ERROR: /home/arigachnyy/workspace/github/nbswork/nbs/cloud/blockstore/libs/client/durable.cpp:353: [c:682e67d0-7f774569-354302ac-31d12220_bootstrap] StartEndpoint #2584683902068286960 will not retry error: E_FAIL (retries: 0, duration: 12us)
10: 2023-10-10T09:35:06.693023Z :BLOCKSTORE_SERVER ERROR: /home/arigachnyy/workspace/github/nbswork/nbs/cloud/blockstore/libs/endpoints/service_endpoint.cpp:536: Failed to start endpoint "wrong.socket", error:E_FAIL
10: 2023-10-10T09:35:06.693083Z :BLOCKSTORE_CLIENT ERROR: /home/arigachnyy/workspace/github/nbswork/nbs/cloud/blockstore/libs/client/durable.cpp:353: [c:682e67d0-7f774569-354302ac-31d12220_bootstrap] StartEndpoint #3616552340903269566 will not retry error: E_FAIL (retries: 0, duration: 1us)
10: 2023-10-10T09:35:06.693092Z :BLOCKSTORE_SERVER ERROR: /home/arigachnyy/workspace/github/nbswork/nbs/cloud/blockstore/libs/endpoints/service_endpoint.cpp:536: Failed to start endpoint "wrong.socket", error:E_FAIL
10: 2023-10-10T09:35:06.693109Z :BLOCKSTORE_CLIENT ERROR: /home/arigachnyy/workspace/github/nbswork/nbs/cloud/blockstore/libs/client/durable.cpp:353: [c:682e67d0-7f774569-354302ac-31d12220_bootstrap] StartEndpoint #16978026979403417892 will not retry error: E_FAIL (retries: 0, duration: 0)
10: 2023-10-10T09:35:06.693115Z :BLOCKSTORE_SERVER ERROR: /home/arigachnyy/workspace/github/nbswork/nbs/cloud/blockstore/libs/endpoints/service_endpoint.cpp:536: Failed to start endpoint "wrong.socket", error:E_FAIL
10: 2023-10-10T09:35:06.693131Z :BLOCKSTORE_CLIENT ERROR: /home/arigachnyy/workspace/github/nbswork/nbs/cloud/blockstore/libs/client/durable.cpp:353: [c:682e67d0-7f774569-354302ac-31d12220_bootstrap] StartEndpoint #12084605135002922075 will not retry error: E_FAIL (retries: 0, duration: 0)
10: 2023-10-10T09:35:06.693138Z :BLOCKSTORE_SERVER ERROR: /home/arigachnyy/workspace/github/nbswork/nbs/cloud/blockstore/libs/endpoints/service_endpoint.cpp:536: Failed to start endpoint "wrong.socket", error:E_FAIL
10: 2023-10-10T09:35:06.693167Z :BLOCKSTORE_SERVER ERROR: /home/arigachnyy/workspace/github/nbswork/nbs/cloud/blockstore/libs/endpoints/service_endpoint.cpp:510: Failed to deserialize request. ID: 3
10: 2023-10-10T09:35:06.693222Z :BLOCKSTORE_SERVER ERROR: /home/arigachnyy/workspace/github/nbswork/nbs/cloud/blockstore/libs/endpoints/service_endpoint.cpp:510: Failed to deserialize request. ID: 2
10: 2023-10-10T09:35:06.693238Z :BLOCKSTORE_SERVER ERROR: /home/arigachnyy/workspace/github/nbswork/nbs/cloud/blockstore/libs/endpoints/service_endpoint.cpp:510: Failed to deserialize request. ID: 1
10: [[1;32mgood[22;39m] TServiceEndpointTest::ShouldThrowCriticalEventIfFailedToRestoreEndpoint
10: [exec] TServiceEndpointTest::ShouldThrowCriticalEventIfNotFoundEndpointStorage...
10: 2023-10-10T09:35:06.705236Z :BLOCKSTORE_SERVER ERROR: /home/arigachnyy/workspace/github/nbswork/nbs/cloud/blockstore/libs/endpoints/service_endpoint.cpp:484: Failed to get endpoints from storage: E_INVALID_STATE Failed to find directory "./invalidEndpointStoragePath"
10: [[1;32mgood[22;39m] TServiceEndpointTest::ShouldThrowCriticalEventIfNotFoundEndpointStorage
10: -----> TServiceEndpointTest -> ok: 2
10: [DONE] ok: 2
10/15 Test #10: cloud-blockstore-libs-endpoints-ut_9 ....   Passed    0.09 sec
test 11
      Start 11: cloud-blockstore-libs-endpoints-ut_10

11: Test command: /usr/bin/python3.10 "/home/arigachnyy/workspace/github/nbswork/nbs/build/scripts/split_unittest.py" "--split-factor" "15" "--shard" "10" "/home/arigachnyy/workspace/github/nbswork/build/cloud/blockstore/libs/endpoints/ut/cloud-blockstore-libs-endpoints-ut" "--print-before-suite" "--print-before-test" "--fork-tests" "--print-times" "--show-fails"
11: Test timeout computed to be: 60
11: <----- TServiceEndpointTest
11: [exec] TServiceEndpointTest::ShouldTimeoutFrozenRequest...
11: 2023-10-10T09:35:06.781201Z :BLOCKSTORE_SERVER INFO: /home/arigachnyy/workspace/github/nbswork/nbs/cloud/blockstore/libs/endpoints/service_endpoint.cpp:423: Kick StartEndpoint request: { Headers { RequestTimeout: 100 } UnixSocketPath: "testSocket" DiskId: "testDiskId" }
11: 2023-10-10T09:35:06.781252Z :BLOCKSTORE_SERVER INFO: /home/arigachnyy/workspace/github/nbswork/nbs/cloud/blockstore/libs/endpoints/service_endpoint.cpp:423: Kick StartEndpoint request: { Headers { RequestTimeout: 100 } UnixSocketPath: "testSocket" DiskId: "testDiskId" }
11: [[1;32mgood[22;39m] TServiceEndpointTest::ShouldTimeoutFrozenRequest
11: [exec] TServiceEndpointTest::ShouldWaitForRestoredEndpoints...
11: 2023-10-10T09:35:06.794032Z :BLOCKSTORE_SERVER INFO: /home/arigachnyy/workspace/github/nbswork/nbs/cloud/blockstore/libs/endpoints/service_endpoint.cpp:490: Found 1 endpoints in storage
11: 2023-10-10T09:35:06.794834Z :BLOCKSTORE_CLIENT WARN: /home/arigachnyy/workspace/github/nbswork/nbs/cloud/blockstore/libs/client/durable.cpp:289: [d:testDiskId] [c:3a110b96-e0880b87-5c1bdb3c-2b21a80a_bootstrap] StartEndpoint #9230211089777560343 retry request (retries: 1, timeout: 500.000ms, error: E_TIMEOUT)
11: 2023-10-10T09:35:06.840472Z :BLOCKSTORE_CLIENT WARN: /home/arigachnyy/workspace/github/nbswork/nbs/cloud/blockstore/libs/client/durable.cpp:289: [d:testDiskId] [c:3a110b96-e0880b87-5c1bdb3c-2b21a80a_bootstrap] StartEndpoint #9230211089777560343 retry request (retries: 2, timeout: 1.000s, error: E_TIMEOUT)
11: 2023-10-10T09:35:06.840488Z :BLOCKSTORE_CLIENT INFO: /home/arigachnyy/workspace/github/nbswork/nbs/cloud/blockstore/libs/client/durable.cpp:370: [d:testDiskId] [c:3a110b96-e0880b87-5c1bdb3c-2b21a80a_bootstrap] StartEndpoint #9230211089777560343 request completed (retries: 2, duration: 45.669ms)
11: [[1;32mgood[22;39m] TServiceEndpointTest::ShouldWaitForRestoredEndpoints
11: -----> TServiceEndpointTest -> ok: 2
11: [DONE] ok: 2
11/15 Test #11: cloud-blockstore-libs-endpoints-ut_10 ...   Passed    0.14 sec
test 12
      Start 12: cloud-blockstore-libs-endpoints-ut_11

12: Test command: /usr/bin/python3.10 "/home/arigachnyy/workspace/github/nbswork/nbs/build/scripts/split_unittest.py" "--split-factor" "15" "--shard" "11" "/home/arigachnyy/workspace/github/nbswork/build/cloud/blockstore/libs/endpoints/ut/cloud-blockstore-libs-endpoints-ut" "--print-before-suite" "--print-before-test" "--fork-tests" "--print-times" "--show-fails"
12: Test timeout computed to be: 60
12: <----- TSessionManagerTest
12: [exec] TSessionManagerTest::ServerStatsShouldMountVolumeWhenEndpointIsStarted_grpc...
12: 2023-10-10T09:35:06.915641Z :BLOCKSTORE_CLIENT INFO: /home/arigachnyy/workspace/github/nbswork/nbs/cloud/blockstore/libs/client/session.cpp:543: [d:testDiskId] MountVolume submit request: read-write access, local mount
12: 2023-10-10T09:35:06.915794Z :BLOCKSTORE_CLIENT INFO: /home/arigachnyy/workspace/github/nbswork/nbs/cloud/blockstore/libs/client/session.cpp:451: [d:testDiskId] UnmountVolume submit request
12: [[1;32mgood[22;39m] TSessionManagerTest::ServerStatsShouldMountVolumeWhenEndpointIsStarted_grpc
12: [exec] TSessionManagerTest::ServerStatsShouldMountVolumeWhenEndpointIsStarted_nbd...
12: 2023-10-10T09:35:06.927783Z :BLOCKSTORE_CLIENT INFO: /home/arigachnyy/workspace/github/nbswork/nbs/cloud/blockstore/libs/client/session.cpp:543: [d:testDiskId] MountVolume submit request: read-write access, local mount
12: 2023-10-10T09:35:06.927947Z :BLOCKSTORE_CLIENT INFO: /home/arigachnyy/workspace/github/nbswork/nbs/cloud/blockstore/libs/client/session.cpp:451: [d:testDiskId] UnmountVolume submit request
12: [[1;32mgood[22;39m] TSessionManagerTest::ServerStatsShouldMountVolumeWhenEndpointIsStarted_nbd
12: -----> TSessionManagerTest -> ok: 2
12: [DONE] ok: 2
12/15 Test #12: cloud-blockstore-libs-endpoints-ut_11 ...   Passed    0.09 sec
test 13
      Start 13: cloud-blockstore-libs-endpoints-ut_12

13: Test command: /usr/bin/python3.10 "/home/arigachnyy/workspace/github/nbswork/nbs/build/scripts/split_unittest.py" "--split-factor" "15" "--shard" "12" "/home/arigachnyy/workspace/github/nbswork/build/cloud/blockstore/libs/endpoints/ut/cloud-blockstore-libs-endpoints-ut" "--print-before-suite" "--print-before-test" "--fork-tests" "--print-times" "--show-fails"
13: Test timeout computed to be: 60
13: <----- TSessionManagerTest
13: [exec] TSessionManagerTest::ServerStatsShouldMountVolumeWhenEndpointIsStarted_vhost...
13: 2023-10-10T09:35:07.001892Z :BLOCKSTORE_CLIENT INFO: /home/arigachnyy/workspace/github/nbswork/nbs/cloud/blockstore/libs/client/session.cpp:543: [d:testDiskId] MountVolume submit request: read-write access, local mount
13: 2023-10-10T09:35:07.002041Z :BLOCKSTORE_CLIENT INFO: /home/arigachnyy/workspace/github/nbswork/nbs/cloud/blockstore/libs/client/session.cpp:451: [d:testDiskId] UnmountVolume submit request
13: [[1;32mgood[22;39m] TSessionManagerTest::ServerStatsShouldMountVolumeWhenEndpointIsStarted_vhost
13: -----> TSessionManagerTest -> ok: 1
13: [DONE] ok: 1
13/15 Test #13: cloud-blockstore-libs-endpoints-ut_12 ...   Passed    0.07 sec
test 14
      Start 14: cloud-blockstore-libs-endpoints-ut_13

14: Test command: /usr/bin/python3.10 "/home/arigachnyy/workspace/github/nbswork/nbs/build/scripts/split_unittest.py" "--split-factor" "15" "--shard" "13" "/home/arigachnyy/workspace/github/nbswork/build/cloud/blockstore/libs/endpoints/ut/cloud-blockstore-libs-endpoints-ut" "--print-before-suite" "--print-before-test" "--fork-tests" "--print-times" "--show-fails"
14: Test timeout computed to be: 60
14: <----- TSessionManagerTest
14: [exec] TSessionManagerTest::ShouldNotTransformFatalErrorsForNotTemporaryServer...
14: 2023-10-10T09:35:07.071909Z :BLOCKSTORE_SERVER WARN: /home/arigachnyy/workspace/github/nbswork/nbs/cloud/blockstore/libs/endpoints/session_manager.cpp:662: disable durable client for ""
14: 2023-10-10T09:35:07.071950Z :BLOCKSTORE_CLIENT INFO: /home/arigachnyy/workspace/github/nbswork/nbs/cloud/blockstore/libs/client/session.cpp:543: [d:testDiskId] MountVolume submit request: read-write access, local mount
14: [[1;32mgood[22;39m] TSessionManagerTest::ShouldNotTransformFatalErrorsForNotTemporaryServer
14: -----> TSessionManagerTest -> ok: 1
14: [DONE] ok: 1
14/15 Test #14: cloud-blockstore-libs-endpoints-ut_13 ...   Passed    0.07 sec
test 15
      Start 15: cloud-blockstore-libs-endpoints-ut_14

15: Test command: /usr/bin/python3.10 "/home/arigachnyy/workspace/github/nbswork/nbs/build/scripts/split_unittest.py" "--split-factor" "15" "--shard" "14" "/home/arigachnyy/workspace/github/nbswork/build/cloud/blockstore/libs/endpoints/ut/cloud-blockstore-libs-endpoints-ut" "--print-before-suite" "--print-before-test" "--fork-tests" "--print-times" "--show-fails"
15: Test timeout computed to be: 60
15: <----- TSessionManagerTest
15: [exec] TSessionManagerTest::ShouldTransformFatalErrorsForTemporaryServer...
15: 2023-10-10T09:35:07.145437Z :BLOCKSTORE_SERVER WARN: /home/arigachnyy/workspace/github/nbswork/nbs/cloud/blockstore/libs/endpoints/session_manager.cpp:662: disable durable client for ""
15: 2023-10-10T09:35:07.145483Z :BLOCKSTORE_CLIENT INFO: /home/arigachnyy/workspace/github/nbswork/nbs/cloud/blockstore/libs/client/session.cpp:543: [d:testDiskId] MountVolume submit request: read-write access, local mount
15: [[1;32mgood[22;39m] TSessionManagerTest::ShouldTransformFatalErrorsForTemporaryServer
15: -----> TSessionManagerTest -> ok: 1
15: [DONE] ok: 1
15/15 Test #15: cloud-blockstore-libs-endpoints-ut_14 ...   Passed    0.07 sec

100% tests passed, 0 tests failed out of 15

Label Time Summary:
SMALL    =   2.52 sec*proc (15 tests)

Total Test time (real) =   1.27 sec
