UpdateCTestConfiguration  from :/home/arigachnyy/workspace/github/nbswork/build/cloud/storage/core/libs/common/ut/DartConfiguration.tcl
UpdateCTestConfiguration  from :/home/arigachnyy/workspace/github/nbswork/build/cloud/storage/core/libs/common/ut/DartConfiguration.tcl
Test project /home/arigachnyy/workspace/github/nbswork/build/cloud/storage/core/libs/common/ut
Constructing a list of tests
Done constructing a list of tests
Updating test list for fixtures
Added 0 tests to meet fixture requirements
Checking test dependency graph...
Checking test dependency graph end
test 1
    Start 1: cloud-storage-core-libs-common-ut

1: Test command: /home/arigachnyy/workspace/github/nbswork/build/cloud/storage/core/libs/common/ut/cloud-storage-core-libs-common-ut "--print-before-suite" "--print-before-test" "--fork-tests" "--print-times" "--show-fails"
1: Test timeout computed to be: 10000000
1: <----- TBackoffDelayProvider
1: [exec] TBackoffDelayProvider::ExampleUsage...
1: [[1;32mgood[22;39m] TBackoffDelayProvider::ExampleUsage
1: [exec] TBackoffDelayProvider::Reset...
1: [[1;32mgood[22;39m] TBackoffDelayProvider::Reset
1: -----> TBackoffDelayProvider -> ok: 2
1: <----- TCompressedBitmapTest
1: [exec] TCompressedBitmapTest::ExampleUsage...
1: [[1;32mgood[22;39m] TCompressedBitmapTest::ExampleUsage
1: [exec] TCompressedBitmapTest::TestSetUnsetCountWithOneChunk...
1: [[1;32mgood[22;39m] TCompressedBitmapTest::TestSetUnsetCountWithOneChunk
1: [exec] TCompressedBitmapTest::TestSetUnsetCountWithTenChunks...
1: [[1;32mgood[22;39m] TCompressedBitmapTest::TestSetUnsetCountWithTenChunks
1: [exec] TCompressedBitmapTest::TestSetUnsetCountWithOneAndAHalfChunks...
1: [[1;32mgood[22;39m] TCompressedBitmapTest::TestSetUnsetCountWithOneAndAHalfChunks
1: [exec] TCompressedBitmapTest::TestSetUpdateCountWithOneChunk...
1: [[1;32mgood[22;39m] TCompressedBitmapTest::TestSetUpdateCountWithOneChunk
1: [exec] TCompressedBitmapTest::TestSetUpdateCountWithTenChunks...
1: [[1;32mgood[22;39m] TCompressedBitmapTest::TestSetUpdateCountWithTenChunks
1: [exec] TCompressedBitmapTest::TestMergeFromChunk...
1: [[1;32mgood[22;39m] TCompressedBitmapTest::TestMergeFromChunk
1: [exec] TCompressedBitmapTest::TestMergeFromChunkMany...
1: [[1;32mgood[22;39m] TCompressedBitmapTest::TestMergeFromChunkMany
1: [exec] TCompressedBitmapTest::TestSaveLoad...
1: [[1;32mgood[22;39m] TCompressedBitmapTest::TestSaveLoad
1: [exec] TCompressedBitmapTest::TestMemSize...
1: [[1;32mgood[22;39m] TCompressedBitmapTest::TestMemSize
1: -----> TCompressedBitmapTest -> ok: 10
1: <----- TConcurrentQueueTest
1: [exec] TConcurrentQueueTest::ShouldBeEmptyAtStart...
1: [[1;32mgood[22;39m] TConcurrentQueueTest::ShouldBeEmptyAtStart
1: [exec] TConcurrentQueueTest::ShouldKeepItems_OneSegment...
1: [[1;32mgood[22;39m] TConcurrentQueueTest::ShouldKeepItems_OneSegment
1: [exec] TConcurrentQueueTest::ShouldKeepItems_ManySegments...
1: [[1;32mgood[22;39m] TConcurrentQueueTest::ShouldKeepItems_ManySegments
1: -----> TConcurrentQueueTest -> ok: 3
1: <----- TFileIOServiceTest
1: [exec] TFileIOServiceTest::ShouldStubServiceCB...
1: [[1;32mgood[22;39m] TFileIOServiceTest::ShouldStubServiceCB
1: [exec] TFileIOServiceTest::ShouldStubServiceFuture...
1: [[1;32mgood[22;39m] TFileIOServiceTest::ShouldStubServiceFuture
1: -----> TFileIOServiceTest -> ok: 2
1: <----- GetDiagnosticsErrorKindTest
1: [exec] GetDiagnosticsErrorKindTest::ShouldRetrieveErrorKindThrottlingFromErrorMessage...
1: [[1;32mgood[22;39m] GetDiagnosticsErrorKindTest::ShouldRetrieveErrorKindThrottlingFromErrorMessage
1: [exec] GetDiagnosticsErrorKindTest::ShouldRetrieveErrorKindRejectedByCheckpointFromErrorMessage...
1: [[1;32mgood[22;39m] GetDiagnosticsErrorKindTest::ShouldRetrieveErrorKindRejectedByCheckpointFromErrorMessage
1: [exec] GetDiagnosticsErrorKindTest::ShouldWrapExceptionInResponse...
1: [[1;32mgood[22;39m] GetDiagnosticsErrorKindTest::ShouldWrapExceptionInResponse
1: [exec] GetDiagnosticsErrorKindTest::ShouldExtractResponse...
1: [[1;32mgood[22;39m] GetDiagnosticsErrorKindTest::ShouldExtractResponse
1: [exec] GetDiagnosticsErrorKindTest::ShouldGetResultOrError...
1: [[1;32mgood[22;39m] GetDiagnosticsErrorKindTest::ShouldGetResultOrError
1: [exec] GetDiagnosticsErrorKindTest::ShouldDecomposeResultOrError...
1: [[1;32mgood[22;39m] GetDiagnosticsErrorKindTest::ShouldDecomposeResultOrError
1: -----> GetDiagnosticsErrorKindTest -> ok: 6
1: <----- TLongRunningTaskExecutorTest
1: [exec] TLongRunningTaskExecutorTest::ShouldExecuteTask...
1: [[1;32mgood[22;39m] TLongRunningTaskExecutorTest::ShouldExecuteTask
1: -----> TLongRunningTaskExecutorTest -> ok: 1
1: <----- TRingBufferTest
1: [exec] TRingBufferTest::ShouldReturnCorrectCapacity...
1: [[1;32mgood[22;39m] TRingBufferTest::ShouldReturnCorrectCapacity
1: [exec] TRingBufferTest::ShouldReturnCorrectSize...
1: [[1;32mgood[22;39m] TRingBufferTest::ShouldReturnCorrectSize
1: [exec] TRingBufferTest::ShouldReturnCorrectIsEmpty...
1: [[1;32mgood[22;39m] TRingBufferTest::ShouldReturnCorrectIsEmpty
1: [exec] TRingBufferTest::ShouldReturnCorrectIsFull...
1: [[1;32mgood[22;39m] TRingBufferTest::ShouldReturnCorrectIsFull
1: [exec] TRingBufferTest::ShouldCorrectlyClear...
1: [[1;32mgood[22;39m] TRingBufferTest::ShouldCorrectlyClear
1: [exec] TRingBufferTest::ShouldCorrectlyPushPopBack...
1: [[1;32mgood[22;39m] TRingBufferTest::ShouldCorrectlyPushPopBack
1: [exec] TRingBufferTest::ShouldCorrectlyPushPopFrontFront...
1: [[1;32mgood[22;39m] TRingBufferTest::ShouldCorrectlyPushPopFrontFront
1: [exec] TRingBufferTest::ShouldCorrectlyBack...
1: [[1;32mgood[22;39m] TRingBufferTest::ShouldCorrectlyBack
1: [exec] TRingBufferTest::ShouldCorrectlyFront...
1: [[1;32mgood[22;39m] TRingBufferTest::ShouldCorrectlyFront
1: [exec] TRingBufferTest::ShouldCorrectlyReturnPoppedValue...
1: [[1;32mgood[22;39m] TRingBufferTest::ShouldCorrectlyReturnPoppedValue
1: [exec] TRingBufferTest::ShouldCorrectlyGetWithOffset...
1: [[1;32mgood[22;39m] TRingBufferTest::ShouldCorrectlyGetWithOffset
1: [exec] TRingBufferTest::ShouldCorrectPushAndPopWithZeroCapacity...
1: [[1;32mgood[22;39m] TRingBufferTest::ShouldCorrectPushAndPopWithZeroCapacity
1: -----> TRingBufferTest -> ok: 12
1: <----- TSchedulerTest
1: [exec] TSchedulerTest::ShouldScheduleTask...
1: [[1;32mgood[22;39m] TSchedulerTest::ShouldScheduleTask
1: [exec] TSchedulerTest::ShouldScheduleTasksInOrder...
1: [[1;32mgood[22;39m] TSchedulerTest::ShouldScheduleTasksInOrder
1: [exec] TSchedulerTest::ShouldExecuteTaskViaTaskQueue...
1: [[1;32mgood[22;39m] TSchedulerTest::ShouldExecuteTaskViaTaskQueue
1: -----> TSchedulerTest -> ok: 3
1: <----- TScopedHandleTest
1: [exec] TScopedHandleTest::ShouldBeInvalidValueByDefault...
1: [[1;32mgood[22;39m] TScopedHandleTest::ShouldBeInvalidValueByDefault
1: [exec] TScopedHandleTest::ShouldBeIncompatible...
1: [[1;32mgood[22;39m] TScopedHandleTest::ShouldBeIncompatible
1: [exec] TScopedHandleTest::ShouldBeComparable...
1: [[1;32mgood[22;39m] TScopedHandleTest::ShouldBeComparable
1: -----> TScopedHandleTest -> ok: 3
1: <----- TThreadPoolTest
1: [exec] TThreadPoolTest::ShouldExecuteTask...
1: [[1;32mgood[22;39m] TThreadPoolTest::ShouldExecuteTask
1: -----> TThreadPoolTest -> ok: 1
1: [DONE] ok: 43
1/1 Test #1: cloud-storage-core-libs-common-ut ...   Passed    1.94 sec

100% tests passed, 0 tests failed out of 1

Label Time Summary:
SMALL    =   1.94 sec*proc (1 test)

Total Test time (real) =   1.95 sec
