UpdateCTestConfiguration  from :/home/arigachnyy/workspace/github/nbswork/build/cloud/storage/core/libs/throttling/ut/DartConfiguration.tcl
UpdateCTestConfiguration  from :/home/arigachnyy/workspace/github/nbswork/build/cloud/storage/core/libs/throttling/ut/DartConfiguration.tcl
Test project /home/arigachnyy/workspace/github/nbswork/build/cloud/storage/core/libs/throttling/ut
Constructing a list of tests
Done constructing a list of tests
Updating test list for fixtures
Added 0 tests to meet fixture requirements
Checking test dependency graph...
Checking test dependency graph end
test 1
    Start 1: cloud-storage-core-libs-throttling-ut

1: Test command: /home/arigachnyy/workspace/github/nbswork/build/cloud/storage/core/libs/throttling/ut/cloud-storage-core-libs-throttling-ut "--print-before-suite" "--print-before-test" "--fork-tests" "--print-times" "--show-fails"
1: Test timeout computed to be: 10000000
1: <----- THelpersTest
1: [exec] THelpersTest::ShouldRecalculateIOpsWithSiteFormula...
1: [[1;32mgood[22;39m] THelpersTest::ShouldRecalculateIOpsWithSiteFormula
1: [exec] THelpersTest::ShouldRecalculateBandwidthWithSiteFormula...
1: [[1;32mgood[22;39m] THelpersTest::ShouldRecalculateBandwidthWithSiteFormula
1: [exec] THelpersTest::ShouldCorrectlyCalculateSecondsToDuration...
1: [[1;32mgood[22;39m] THelpersTest::ShouldCorrectlyCalculateSecondsToDuration
1: [exec] THelpersTest::ShouldCorrectlyCalculateCostPerIO...
1: [[1;32mgood[22;39m] THelpersTest::ShouldCorrectlyCalculateCostPerIO
1: -----> THelpersTest -> ok: 4
1: <----- TLeakyBucketTest
1: [exec] TLeakyBucketTest::ShouldRegister...
1: [[1;32mgood[22;39m] TLeakyBucketTest::ShouldRegister
1: [exec] TLeakyBucketTest::ShouldRegisterWithCustomInitialBudget...
1: [[1;32mgood[22;39m] TLeakyBucketTest::ShouldRegisterWithCustomInitialBudget
1: [exec] TLeakyBucketTest::ShouldSpentBudgetShare...
1: [[1;32mgood[22;39m] TLeakyBucketTest::ShouldSpentBudgetShare
1: [exec] TLeakyBucketTest::ShouldSpentBudgetShareWithCustomInitialBudget...
1: [[1;32mgood[22;39m] TLeakyBucketTest::ShouldSpentBudgetShareWithCustomInitialBudget
1: [exec] TLeakyBucketTest::ShouldCorrectlyCalculateBoostedTimeBucket...
1: [[1;32mgood[22;39m] TLeakyBucketTest::ShouldCorrectlyCalculateBoostedTimeBucket
1: [exec] TLeakyBucketTest::ShouldCorrectlyCalculateBoostedTimeBucketWithCustomInitialBudget...
1: [[1;32mgood[22;39m] TLeakyBucketTest::ShouldCorrectlyCalculateBoostedTimeBucketWithCustomInitialBudget
1: [exec] TLeakyBucketTest::ShouldCorrectlyCalculateBoostedTimeBucketZeroBoostRefillRate...
1: [[1;32mgood[22;39m] TLeakyBucketTest::ShouldCorrectlyCalculateBoostedTimeBucketZeroBoostRefillRate
1: [exec] TLeakyBucketTest::ShouldCorrectlyCalculateBoostedTimeBucketZeroBoostRefillRateWithCustomInitialBudget...
1: [[1;32mgood[22;39m] TLeakyBucketTest::ShouldCorrectlyCalculateBoostedTimeBucketZeroBoostRefillRateWithCustomInitialBudget
1: [exec] TLeakyBucketTest::ShouldCorrectlyCalculateBoostedTimeBucketNoBoost...
1: [[1;32mgood[22;39m] TLeakyBucketTest::ShouldCorrectlyCalculateBoostedTimeBucketNoBoost
1: [exec] TLeakyBucketTest::ShouldCorrectlyCalculateBoostedTimeBucketBoostSmallerThanRate...
1: [[1;32mgood[22;39m] TLeakyBucketTest::ShouldCorrectlyCalculateBoostedTimeBucketBoostSmallerThanRate
1: -----> TLeakyBucketTest -> ok: 10
1: [DONE] ok: 14
1/1 Test #1: cloud-storage-core-libs-throttling-ut ...   Passed    0.12 sec

100% tests passed, 0 tests failed out of 1

Label Time Summary:
SMALL    =   0.12 sec*proc (1 test)

Total Test time (real) =   0.12 sec
